\BOOKMARK [0][-]{chapter.1}{\376\377\000A\000n\000a\000l\000i\000s\000i}{}% 1
\BOOKMARK [1][-]{section.1.1}{\376\377\000R\000e\000q\000u\000i\000s\000i\000t\000i}{chapter.1}% 2
\BOOKMARK [1][-]{section.1.2}{\376\377\000A\000n\000a\000l\000i\000s\000i\000\040\000e\000\040\000m\000o\000d\000e\000l\000l\000o\000\040\000d\000e\000l\000\040\000d\000o\000m\000i\000n\000i\000o}{chapter.1}% 3
\BOOKMARK [0][-]{chapter.2}{\376\377\000D\000e\000s\000i\000g\000n}{}% 4
\BOOKMARK [1][-]{section.2.1}{\376\377\000A\000r\000c\000h\000i\000t\000e\000t\000t\000u\000r\000a}{chapter.2}% 5
\BOOKMARK [1][-]{section.2.2}{\376\377\000D\000e\000s\000i\000g\000n\000\040\000d\000e\000t\000t\000a\000g\000l\000i\000a\000t\000o}{chapter.2}% 6
\BOOKMARK [2][-]{subsection.2.2.1}{\376\377\000G\000i\000a\000n\000l\000u\000c\000a\000\040\000M\000i\000g\000l\000i\000a\000r\000i\000n\000i}{section.2.2}% 7
\BOOKMARK [2][-]{subsection.2.2.2}{\376\377\000m\000e\000m\000b\000r\000o\000\040\0002}{section.2.2}% 8
\BOOKMARK [2][-]{subsection.2.2.3}{\376\377\000S\000o\000f\000i\000a\000\040\000T\000o\000s\000i}{section.2.2}% 9
\BOOKMARK [2][-]{subsection.2.2.4}{\376\377\000m\000e\000m\000b\000r\000o\000\040\0004}{section.2.2}% 10
\BOOKMARK [2][-]{subsection.2.2.5}{\376\377\000m\000e\000m\000b\000r\000o\000\040\0005}{section.2.2}% 11
\BOOKMARK [0][-]{chapter.3}{\376\377\000S\000v\000i\000l\000u\000p\000p\000o}{}% 12
\BOOKMARK [1][-]{section.3.1}{\376\377\000T\000e\000s\000t\000i\000n\000g}{chapter.3}% 13
\BOOKMARK [1][-]{section.3.2}{\376\377\000M\000e\000t\000o\000d\000o\000l\000o\000g\000i\000a\000\040\000d\000i\000\040\000l\000a\000v\000o\000r\000o}{chapter.3}% 14
\BOOKMARK [2][-]{subsection.3.2.1}{\376\377\000m\000e\000m\000b\000r\000o\000\040\0001}{section.3.2}% 15
\BOOKMARK [2][-]{subsection.3.2.2}{\376\377\000m\000e\000m\000b\000r\000o\000\040\0002}{section.3.2}% 16
\BOOKMARK [2][-]{subsection.3.2.3}{\376\377\000S\000o\000f\000i\000a\000\040\000T\000o\000s\000i}{section.3.2}% 17
\BOOKMARK [2][-]{subsection.3.2.4}{\376\377\000m\000e\000m\000b\000r\000o\000\040\0004}{section.3.2}% 18
\BOOKMARK [2][-]{subsection.3.2.5}{\376\377\000m\000e\000m\000b\000r\000o\000\040\0005}{section.3.2}% 19
\BOOKMARK [1][-]{section.3.3}{\376\377\000N\000o\000t\000e\000\040\000d\000i\000\040\000s\000v\000i\000l\000u\000p\000p\000o}{chapter.3}% 20
\BOOKMARK [2][-]{subsection.3.3.1}{\376\377\000G\000i\000a\000n\000l\000u\000c\000a\000\040\000M\000i\000g\000l\000i\000a\000r\000i\000n\000i}{section.3.3}% 21
\BOOKMARK [2][-]{subsection.3.3.2}{\376\377\000m\000e\000m\000b\000r\000o\000\040\0002}{section.3.3}% 22
\BOOKMARK [2][-]{subsection.3.3.3}{\376\377\000S\000o\000f\000i\000a\000\040\000T\000o\000s\000i}{section.3.3}% 23
\BOOKMARK [2][-]{subsection.3.3.4}{\376\377\000m\000e\000m\000b\000r\000o\000\040\0004}{section.3.3}% 24
\BOOKMARK [2][-]{subsection.3.3.5}{\376\377\000m\000e\000m\000b\000r\000o\000\040\0005}{section.3.3}% 25
\BOOKMARK [0][-]{chapter.4}{\376\377\000C\000o\000m\000m\000e\000n\000t\000i\000\040\000F\000i\000n\000a\000l\000i}{}% 26
\BOOKMARK [1][-]{section.4.1}{\376\377\000A\000u\000t\000o\000v\000a\000l\000u\000t\000a\000z\000i\000o\000n\000e\000\040\000e\000\040\000l\000a\000v\000o\000r\000i\000\040\000f\000u\000t\000u\000r\000i}{chapter.4}% 27
\BOOKMARK [1][-]{section.4.2}{\376\377\000G\000i\000a\000n\000l\000u\000c\000a\000\040\000M\000i\000g\000l\000i\000a\000r\000i\000n\000i}{chapter.4}% 28
\BOOKMARK [2][-]{subsection.4.2.1}{\376\377\000c\000o\000m\000m\000e\000n\000t\000i}{section.4.2}% 29
\BOOKMARK [2][-]{subsection.4.2.2}{\376\377\000d\000i\000f\000f\000i\000c\000o\000l\000t\000\340\000\040\000r\000i\000s\000c\000o\000n\000t\000r\000a\000t\000e}{section.4.2}% 30
\BOOKMARK [1][-]{section.4.3}{\376\377\000S\000e\000r\000a\000f\000i\000n\000o\000\040\000P\000a\000n\000d\000o\000l\000f\000i\000n\000i}{chapter.4}% 31
\BOOKMARK [2][-]{subsection.4.3.1}{\376\377\000c\000o\000m\000m\000e\000n\000t\000i}{section.4.3}% 32
\BOOKMARK [2][-]{subsection.4.3.2}{\376\377\000d\000i\000f\000f\000i\000c\000o\000l\000t\000\340\000\040\000r\000i\000s\000c\000o\000n\000t\000r\000a\000t\000e}{section.4.3}% 33
\BOOKMARK [1][-]{section.4.4}{\376\377\000S\000o\000f\000i\000a\000\040\000T\000o\000s\000i}{chapter.4}% 34
\BOOKMARK [2][-]{subsection.4.4.1}{\376\377\000c\000o\000m\000m\000e\000n\000t\000i}{section.4.4}% 35
\BOOKMARK [2][-]{subsection.4.4.2}{\376\377\000d\000i\000f\000f\000i\000c\000o\000l\000t\000\340\000\040\000r\000i\000s\000c\000o\000n\000t\000r\000a\000t\000e}{section.4.4}% 36
\BOOKMARK [1][-]{section.4.5}{\376\377\000L\000a\000u\000r\000a\000\040\000L\000e\000o\000n\000a\000r\000d\000i}{chapter.4}% 37
\BOOKMARK [2][-]{subsection.4.5.1}{\376\377\000c\000o\000m\000m\000e\000n\000t\000i}{section.4.5}% 38
\BOOKMARK [2][-]{subsection.4.5.2}{\376\377\000d\000i\000f\000f\000i\000c\000o\000l\000t\000\340\000\040\000r\000i\000s\000c\000o\000n\000t\000r\000a\000t\000e}{section.4.5}% 39
\BOOKMARK [1][-]{section.4.6}{\376\377\000A\000l\000e\000s\000s\000a\000n\000d\000r\000o\000\040\000B\000r\000a\000s\000i\000n\000i}{chapter.4}% 40
\BOOKMARK [2][-]{subsection.4.6.1}{\376\377\000c\000o\000m\000m\000e\000n\000t\000i}{section.4.6}% 41
\BOOKMARK [2][-]{subsection.4.6.2}{\376\377\000d\000i\000f\000f\000i\000c\000o\000l\000t\000\340\000\040\000r\000i\000s\000c\000o\000n\000t\000r\000a\000t\000e}{section.4.6}% 42
\BOOKMARK [0][-]{chapter.5}{\376\377\000A\000p\000p\000e\000n\000d\000i\000c\000e}{}% 43
